# JRE version: Java(TM) SE Runtime Environment (17.0.2+8) (build 17.0.2+8-LTS-86)
# Java VM: Java HotSpot(TM) 64-Bit Server VM (17.0.2+8-LTS-86, mixed mode, sharing, tiered, compressed oops, compressed class ptrs, g1 gc, windows-amd64)
GC Precious Log:
 CPUs: 4 total, 4 available
 Memory: 15833M
 Large Page Support: Disabled
 NUMA Support: Disabled
 Compressed Oops: Enabled (Zero based)
 Heap Region Size: 2M
 Heap Min Capacity: 8M
 Heap Initial Capacity: 248M
 Heap Max Capacity: 3960M
 Pre-touch: Disabled
 Parallel Workers: 4
 Concurrent Workers: 1
 Concurrent Refinement Workers: 4
 Periodic GC: Disabled
Heap:
 garbage-first heap   total 262144K, used 84199K [0x0000000708800000, 0x0000000800000000)
  region size 2048K, 1 young (2048K), 1 survivors (2048K)
 Metaspace       used 31556K, committed 32064K, reserved 1081344K
  class space    used 3385K, committed 3648K, reserved 1048576K
GC Heap History (20 events):
Event: 6.541 GC heap after
{Heap after GC invocations=6 (full 0):
 garbage-first heap   total 253952K, used 25519K [0x0000000708800000, 0x0000000800000000)
  region size 2048K, 5 young (10240K), 5 survivors (10240K)
 Metaspace       used 21284K, committed 21504K, reserved 1073152K
  class space    used 2375K, committed 2496K, reserved 1048576K
}
Event: 7.495 GC heap before
{Heap before GC invocations=7 (full 0):
 garbage-first heap   total 96256K, used 72623K [0x0000000708800000, 0x0000000800000000)
  region size 2048K, 28 young (57344K), 5 survivors (10240K)
 Metaspace       used 23304K, committed 23552K, reserved 1073152K
  class space    used 2550K, committed 2688K, reserved 1048576K
}
Event: 7.515 GC heap after
{Heap after GC invocations=8 (full 0):
 garbage-first heap   total 104448K, used 45356K [0x0000000708800000, 0x0000000800000000)
  region size 2048K, 4 young (8192K), 4 survivors (8192K)
 Metaspace       used 23304K, committed 23552K, reserved 1073152K
  class space    used 2550K, committed 2688K, reserved 1048576K
}
Event: 7.539 GC heap before
{Heap before GC invocations=8 (full 0):
 garbage-first heap   total 104448K, used 47404K [0x0000000708800000, 0x0000000800000000)
  region size 2048K, 5 young (10240K), 4 survivors (8192K)
 Metaspace       used 23304K, committed 23552K, reserved 1073152K
  class space    used 2550K, committed 2688K, reserved 1048576K
}
Event: 7.546 GC heap after
{Heap after GC invocations=9 (full 0):
 garbage-first heap   total 104448K, used 48128K [0x0000000708800000, 0x0000000800000000)
  region size 2048K, 1 young (2048K), 1 survivors (2048K)
 Metaspace       used 23304K, committed 23552K, reserved 1073152K
  class space    used 2550K, committed 2688K, reserved 1048576K
}
Event: 8.250 GC heap before
{Heap before GC invocations=9 (full 0):
 garbage-first heap   total 104448K, used 76800K [0x0000000708800000, 0x0000000800000000)
  region size 2048K, 15 young (30720K), 1 survivors (2048K)
 Metaspace       used 23352K, committed 23680K, reserved 1073152K
  class space    used 2550K, committed 2688K, reserved 1048576K
}
Event: 8.258 GC heap after
{Heap after GC invocations=10 (full 0):
 garbage-first heap   total 188416K, used 56223K [0x0000000708800000, 0x0000000800000000)
  region size 2048K, 2 young (4096K), 2 survivors (4096K)
 Metaspace       used 23352K, committed 23680K, reserved 1073152K
  class space    used 2550K, committed 2688K, reserved 1048576K
}
Event: 9.141 GC heap before
{Heap before GC invocations=11 (full 0):
 garbage-first heap   total 188416K, used 121759K [0x0000000708800000, 0x0000000800000000)
  region size 2048K, 34 young (69632K), 2 survivors (4096K)
 Metaspace       used 24279K, committed 24576K, reserved 1073152K
  class space    used 2621K, committed 2752K, reserved 1048576K
}
Event: 9.158 GC heap after
{Heap after GC invocations=12 (full 0):
 garbage-first heap   total 188416K, used 73728K [0x0000000708800000, 0x0000000800000000)
  region size 2048K, 5 young (10240K), 5 survivors (10240K)
 Metaspace       used 24279K, committed 24576K, reserved 1073152K
  class space    used 2621K, committed 2752K, reserved 1048576K
}
Event: 9.178 GC heap before
{Heap before GC invocations=12 (full 0):
 garbage-first heap   total 188416K, used 77824K [0x0000000708800000, 0x0000000800000000)
  region size 2048K, 6 young (12288K), 5 survivors (10240K)
 Metaspace       used 24298K, committed 24576K, reserved 1073152K
  class space    used 2621K, committed 2752K, reserved 1048576K
}
Event: 9.188 GC heap after
{Heap after GC invocations=13 (full 0):
 garbage-first heap   total 188416K, used 76591K [0x0000000708800000, 0x0000000800000000)
  region size 2048K, 1 young (2048K), 1 survivors (2048K)
 Metaspace       used 24298K, committed 24576K, reserved 1073152K
  class space    used 2621K, committed 2752K, reserved 1048576K
}
Event: 9.928 GC heap before
{Heap before GC invocations=13 (full 0):
 garbage-first heap   total 188416K, used 129839K [0x0000000708800000, 0x0000000800000000)
  region size 2048K, 27 young (55296K), 1 survivors (2048K)
 Metaspace       used 25229K, committed 25536K, reserved 1073152K
  class space    used 2693K, committed 2816K, reserved 1048576K
}
Event: 9.934 GC heap after
{Heap after GC invocations=14 (full 0):
 garbage-first heap   total 188416K, used 80785K [0x0000000708800000, 0x0000000800000000)
  region size 2048K, 3 young (6144K), 3 survivors (6144K)
 Metaspace       used 25229K, committed 25536K, reserved 1073152K
  class space    used 2693K, committed 2816K, reserved 1048576K
}
Event: 11.268 GC heap before
{Heap before GC invocations=14 (full 0):
 garbage-first heap   total 188416K, used 134033K [0x0000000708800000, 0x0000000800000000)
  region size 2048K, 29 young (59392K), 3 survivors (6144K)
 Metaspace       used 27438K, committed 27776K, reserved 1081344K
  class space    used 2905K, committed 3072K, reserved 1048576K
}
Event: 11.277 GC heap after
{Heap after GC invocations=15 (full 0):
 garbage-first heap   total 188416K, used 84161K [0x0000000708800000, 0x0000000800000000)
  region size 2048K, 2 young (4096K), 2 survivors (4096K)
 Metaspace       used 27438K, committed 27776K, reserved 1081344K
  class space    used 2905K, committed 3072K, reserved 1048576K
}
Event: 12.899 GC heap before
{Heap before GC invocations=15 (full 0):
 garbage-first heap   total 188416K, used 139457K [0x0000000708800000, 0x0000000800000000)
  region size 2048K, 28 young (57344K), 2 survivors (4096K)
 Metaspace       used 30244K, committed 30656K, reserved 1081344K
  class space    used 3224K, committed 3392K, reserved 1048576K
}
Event: 12.908 GC heap after
{Heap after GC invocations=16 (full 0):
 garbage-first heap   total 188416K, used 91604K [0x0000000708800000, 0x0000000800000000)
  region size 2048K, 4 young (8192K), 4 survivors (8192K)
 Metaspace       used 30244K, committed 30656K, reserved 1081344K
  class space    used 3224K, committed 3392K, reserved 1048576K
}
Event: 13.754 GC heap before
{Heap before GC invocations=17 (full 0):
 garbage-first heap   total 212992K, used 169428K [0x0000000708800000, 0x0000000800000000)
  region size 2048K, 29 young (59392K), 4 survivors (8192K)
 Metaspace       used 31308K, committed 31744K, reserved 1081344K
  class space    used 3351K, committed 3584K, reserved 1048576K
}
Event: 13.764 GC heap after
{Heap after GC invocations=18 (full 0):
 garbage-first heap   total 212992K, used 89561K [0x0000000708800000, 0x0000000800000000)
  region size 2048K, 3 young (6144K), 3 survivors (6144K)
 Metaspace       used 31308K, committed 31744K, reserved 1081344K
  class space    used 3351K, committed 3584K, reserved 1048576K
}
Event: 13.837 GC heap before
{Heap before GC invocations=18 (full 0):
 garbage-first heap   total 212992K, used 91609K [0x0000000708800000, 0x0000000800000000)
  region size 2048K, 5 young (10240K), 3 survivors (6144K)
 Metaspace       used 31556K, committed 32064K, reserved 1081344K
  class space    used 3385K, committed 3648K, reserved 1048576K
}

